<?xml version="1.0" encoding="UTF-8"?>
<!-- Generated by org.testng.reporters.JUnitXMLReporter -->
<testsuite ignored="0" hostname="DESKTOP-OJV5DL2" failures="0" tests="25" name="Default test" time="294.076" errors="0" timestamp="2024-05-15T16:33:42 IST">
  <testcase classname="Tests.Magento" name="SearchTerms" time="5.327"/>
  <testcase classname="Tests.Magento" name="testAdvancedSearch" time="3.683"/>
  <testcase classname="Tests.Magento" name="testCreateAccountandSignin" time="6.917"/>
  <testcase classname="Tests.Magento" name="testCreateAccountandSignin" time="6.964"/>
  <testcase classname="Tests.Magento" name="testCreateAccountandSignin" time="6.69"/>
  <testcase classname="Tests.Magento" name="testInvalidLogin" time="2.909"/>
  <testcase classname="Tests.Magento" name="testInvalidLogin" time="3.135"/>
  <testcase classname="Tests.Magento" name="testInvalidLogin" time="3.482"/>
  <testcase classname="Tests.Magento" name="testLoginAndAddtocartandRemove" time="41.591"/>
  <testcase classname="Tests.Magento" name="testLoginAndAddtocartandRemove" time="42.066"/>
  <testcase classname="Tests.Magento" name="testLoginAndAddtocartandUpdate" time="37.079"/>
  <testcase classname="Tests.Magento" name="testLoginAndCompare" time="16.87"/>
  <testcase classname="Tests.Magento" name="testLoginAndSearch" time="6.316"/>
  <testcase classname="Tests.Magento" name="testLoginAndSearch" time="5.918"/>
  <testcase classname="Tests.Magento" name="testLoginAndcheckAddressBook" time="15.764"/>
  <testcase classname="Tests.Magento" name="testLoginAndcheckMyOders" time="1.743"/>
  <testcase classname="Tests.Magento" name="testMyProductReviews" time="1.414"/>
  <testcase classname="Tests.Magento" name="testSearchInvalidProduct" time="9.199"/>
  <testcase classname="Tests.Magento" name="testSubscribe" time="2.996"/>
  <testcase classname="Tests.Magento" name="testWriteReview" time="17.451"/>
  <testcase classname="Tests.Magento" name="testloginAndProceedtoCheckout" time="32.309"/>
  <testcase classname="Tests.Magento" name="testloginAndWishlist" time="13.246"/>
  <testcase classname="Tests.Magento" name="training" time="7.187"/>
  <testcase classname="Tests.Magento" name="verifySearchResults" time="1.194"/>
  <testcase classname="Tests.Magento" name="testHomePage" time="1.137"/>
</testsuite> <!-- Default test -->
