<?xml version="1.0" encoding="UTF-8"?>
<testng-results ignored="0" total="25" passed="25" failed="0" skipped="0">
  <reporter-output>
  </reporter-output>
  <suite started-at="2024-05-15T16:28:47 IST" name="Default suite" finished-at="2024-05-15T16:33:42 IST" duration-ms="294076">
    <groups>
    </groups>
    <test started-at="2024-05-15T16:28:47 IST" name="Default test" finished-at="2024-05-15T16:33:42 IST" duration-ms="294076">
      <class name="Tests.Magento">
        <test-method is-config="true" signature="setUp()[pri:0, instance:Tests.Magento@4562e04d]" started-at="2024-05-15T16:28:47 IST" name="setUp" finished-at="2024-05-15T16:28:49 IST" duration-ms="1387" status="PASS">
          <reporter-output>
          </reporter-output>
        </test-method> <!-- setUp -->
        <test-method signature="SearchTerms()[pri:0, instance:Tests.Magento@4562e04d]" started-at="2024-05-15T16:28:49 IST" name="SearchTerms" finished-at="2024-05-15T16:28:54 IST" duration-ms="5327" status="PASS">
          <reporter-output>
          </reporter-output>
        </test-method> <!-- SearchTerms -->
        <test-method signature="testAdvancedSearch(java.lang.String)[pri:0, instance:Tests.Magento@4562e04d]" started-at="2024-05-15T16:28:54 IST" name="testAdvancedSearch" data-provider="AdvancedSearch" finished-at="2024-05-15T16:28:58 IST" duration-ms="3683" status="PASS">
          <params>
            <param index="0">
              <value>
                <![CDATA[Cassius Sparring Tank]]>
              </value>
            </param>
          </params>
          <reporter-output>
          </reporter-output>
        </test-method> <!-- testAdvancedSearch -->
        <test-method signature="testCreateAccountandSignin(java.lang.String,java.lang.String,java.lang.String,java.lang.String,java.lang.String)[pri:0, instance:Tests.Magento@4562e04d]" started-at="2024-05-15T16:28:58 IST" name="testCreateAccountandSignin" data-provider="userData" finished-at="2024-05-15T16:29:05 IST" duration-ms="6917" status="PASS">
          <params>
            <param index="0">
              <value>
                <![CDATA[Pavani]]>
              </value>
            </param>
            <param index="1">
              <value>
                <![CDATA[Reddy]]>
              </value>
            </param>
            <param index="2">
              <value>
                <![CDATA[pavani.reddy@gmail.com]]>
              </value>
            </param>
            <param index="3">
              <value>
                <![CDATA[pavanireddy@12345]]>
              </value>
            </param>
            <param index="4">
              <value>
                <![CDATA[pavanireddy@12345]]>
              </value>
            </param>
          </params>
          <reporter-output>
          </reporter-output>
        </test-method> <!-- testCreateAccountandSignin -->
        <test-method signature="testCreateAccountandSignin(java.lang.String,java.lang.String,java.lang.String,java.lang.String,java.lang.String)[pri:0, instance:Tests.Magento@4562e04d]" started-at="2024-05-15T16:29:05 IST" name="testCreateAccountandSignin" data-provider="userData" finished-at="2024-05-15T16:29:12 IST" duration-ms="6964" status="PASS">
          <params>
            <param index="0">
              <value>
                <![CDATA[Panasala]]>
              </value>
            </param>
            <param index="1">
              <value>
                <![CDATA[Reddy]]>
              </value>
            </param>
            <param index="2">
              <value>
                <![CDATA[panasala.reddy@gmail.com]]>
              </value>
            </param>
            <param index="3">
              <value>
                <![CDATA[panasalareddy@12345]]>
              </value>
            </param>
            <param index="4">
              <value>
                <![CDATA[panasalareddy@12345]]>
              </value>
            </param>
          </params>
          <reporter-output>
          </reporter-output>
        </test-method> <!-- testCreateAccountandSignin -->
        <test-method signature="testCreateAccountandSignin(java.lang.String,java.lang.String,java.lang.String,java.lang.String,java.lang.String)[pri:0, instance:Tests.Magento@4562e04d]" started-at="2024-05-15T16:29:12 IST" name="testCreateAccountandSignin" data-provider="userData" finished-at="2024-05-15T16:29:18 IST" duration-ms="6690" status="PASS">
          <params>
            <param index="0">
              <value>
                <![CDATA[yuva]]>
              </value>
            </param>
            <param index="1">
              <value>
                <![CDATA[sree]]>
              </value>
            </param>
            <param index="2">
              <value>
                <![CDATA[yuva.sree@gmail.com]]>
              </value>
            </param>
            <param index="3">
              <value>
                <![CDATA[yuvasree@1234567890]]>
              </value>
            </param>
            <param index="4">
              <value>
                <![CDATA[yuvasree@1234567890]]>
              </value>
            </param>
          </params>
          <reporter-output>
          </reporter-output>
        </test-method> <!-- testCreateAccountandSignin -->
        <test-method signature="testInvalidLogin(java.lang.String,java.lang.String)[pri:0, instance:Tests.Magento@4562e04d]" started-at="2024-05-15T16:29:18 IST" name="testInvalidLogin" data-provider="invalidCredentials" finished-at="2024-05-15T16:29:21 IST" duration-ms="2909" status="PASS">
          <params>
            <param index="0">
              <value>
                <![CDATA[dbjsysgt@gmail.com]]>
              </value>
            </param>
            <param index="1">
              <value>
                <![CDATA[gsyugs13254365%6787]]>
              </value>
            </param>
          </params>
          <reporter-output>
          </reporter-output>
        </test-method> <!-- testInvalidLogin -->
        <test-method signature="testInvalidLogin(java.lang.String,java.lang.String)[pri:0, instance:Tests.Magento@4562e04d]" started-at="2024-05-15T16:29:21 IST" name="testInvalidLogin" data-provider="invalidCredentials" finished-at="2024-05-15T16:29:25 IST" duration-ms="3135" status="PASS">
          <params>
            <param index="0">
              <value>
                <![CDATA[panasala.reddy@gmail.com]]>
              </value>
            </param>
            <param index="1">
              <value>
                <![CDATA[dghwudg^&*&90]]>
              </value>
            </param>
          </params>
          <reporter-output>
          </reporter-output>
        </test-method> <!-- testInvalidLogin -->
        <test-method signature="testInvalidLogin(java.lang.String,java.lang.String)[pri:0, instance:Tests.Magento@4562e04d]" started-at="2024-05-15T16:29:25 IST" name="testInvalidLogin" data-provider="invalidCredentials" finished-at="2024-05-15T16:29:28 IST" duration-ms="3482" status="PASS">
          <params>
            <param index="0">
              <value>
                <![CDATA[bdgyhdguydg@gmail.com]]>
              </value>
            </param>
            <param index="1">
              <value>
                <![CDATA[panasalareddy@12345]]>
              </value>
            </param>
          </params>
          <reporter-output>
          </reporter-output>
        </test-method> <!-- testInvalidLogin -->
        <test-method signature="testLoginAndAddtocartandRemove(java.lang.String,java.lang.String,java.lang.String,java.lang.String,java.lang.String)[pri:0, instance:Tests.Magento@4562e04d]" started-at="2024-05-15T16:29:28 IST" name="testLoginAndAddtocartandRemove" data-provider="loginAndAddtocartandRemove" finished-at="2024-05-15T16:30:10 IST" duration-ms="41591" status="PASS">
          <params>
            <param index="0">
              <value>
                <![CDATA[pavani.reddy@gmail.com]]>
              </value>
            </param>
            <param index="1">
              <value>
                <![CDATA[pavanireddy@12345]]>
              </value>
            </param>
            <param index="2">
              <value>
                <![CDATA[Radiant Tee]]>
              </value>
            </param>
            <param index="3">
              <value>
                <![CDATA[M]]>
              </value>
            </param>
            <param index="4">
              <value>
                <![CDATA[Purple]]>
              </value>
            </param>
          </params>
          <reporter-output>
          </reporter-output>
        </test-method> <!-- testLoginAndAddtocartandRemove -->
        <test-method signature="testLoginAndAddtocartandRemove(java.lang.String,java.lang.String,java.lang.String,java.lang.String,java.lang.String)[pri:0, instance:Tests.Magento@4562e04d]" started-at="2024-05-15T16:30:10 IST" name="testLoginAndAddtocartandRemove" data-provider="loginAndAddtocartandRemove" finished-at="2024-05-15T16:30:52 IST" duration-ms="42066" status="PASS">
          <params>
            <param index="0">
              <value>
                <![CDATA[panasala.reddy@gmail.com]]>
              </value>
            </param>
            <param index="1">
              <value>
                <![CDATA[panasalareddy@12345]]>
              </value>
            </param>
            <param index="2">
              <value>
                <![CDATA[Radiant Tee]]>
              </value>
            </param>
            <param index="3">
              <value>
                <![CDATA[M]]>
              </value>
            </param>
            <param index="4">
              <value>
                <![CDATA[Purple]]>
              </value>
            </param>
          </params>
          <reporter-output>
          </reporter-output>
        </test-method> <!-- testLoginAndAddtocartandRemove -->
        <test-method signature="testLoginAndAddtocartandUpdate(java.lang.String,java.lang.String,java.lang.String,java.lang.String,java.lang.String,java.lang.String)[pri:0, instance:Tests.Magento@4562e04d]" started-at="2024-05-15T16:30:52 IST" name="testLoginAndAddtocartandUpdate" data-provider="loginAndAddtocartandUpdate" finished-at="2024-05-15T16:31:29 IST" duration-ms="37079" status="PASS">
          <params>
            <param index="0">
              <value>
                <![CDATA[pavani.reddy@gmail.com]]>
              </value>
            </param>
            <param index="1">
              <value>
                <![CDATA[pavanireddy@12345]]>
              </value>
            </param>
            <param index="2">
              <value>
                <![CDATA[Radiant Tee]]>
              </value>
            </param>
            <param index="3">
              <value>
                <![CDATA[M]]>
              </value>
            </param>
            <param index="4">
              <value>
                <![CDATA[Purple]]>
              </value>
            </param>
            <param index="5">
              <value>
                <![CDATA[1]]>
              </value>
            </param>
          </params>
          <reporter-output>
          </reporter-output>
        </test-method> <!-- testLoginAndAddtocartandUpdate -->
        <test-method signature="testLoginAndCompare(java.lang.String,java.lang.String)[pri:0, instance:Tests.Magento@4562e04d]" started-at="2024-05-15T16:31:29 IST" name="testLoginAndCompare" data-provider="LoginAndCompare" finished-at="2024-05-15T16:31:46 IST" duration-ms="16870" status="PASS">
          <params>
            <param index="0">
              <value>
                <![CDATA[panasala.reddy@gmail.com]]>
              </value>
            </param>
            <param index="1">
              <value>
                <![CDATA[panasalareddy@12345]]>
              </value>
            </param>
          </params>
          <reporter-output>
          </reporter-output>
        </test-method> <!-- testLoginAndCompare -->
        <test-method signature="testLoginAndSearch(java.lang.String,java.lang.String,java.lang.String)[pri:0, instance:Tests.Magento@4562e04d]" started-at="2024-05-15T16:31:46 IST" name="testLoginAndSearch" data-provider="loginAndSearchProduct" finished-at="2024-05-15T16:31:52 IST" duration-ms="6316" status="PASS">
          <params>
            <param index="0">
              <value>
                <![CDATA[pavani.reddy@gmail.com]]>
              </value>
            </param>
            <param index="1">
              <value>
                <![CDATA[pavanireddy@12345]]>
              </value>
            </param>
            <param index="2">
              <value>
                <![CDATA[T-Shirts for Women]]>
              </value>
            </param>
          </params>
          <reporter-output>
          </reporter-output>
        </test-method> <!-- testLoginAndSearch -->
        <test-method signature="testLoginAndSearch(java.lang.String,java.lang.String,java.lang.String)[pri:0, instance:Tests.Magento@4562e04d]" started-at="2024-05-15T16:31:52 IST" name="testLoginAndSearch" data-provider="loginAndSearchProduct" finished-at="2024-05-15T16:31:58 IST" duration-ms="5918" status="PASS">
          <params>
            <param index="0">
              <value>
                <![CDATA[panasala.reddy@gmail.com]]>
              </value>
            </param>
            <param index="1">
              <value>
                <![CDATA[panasalareddy@12345]]>
              </value>
            </param>
            <param index="2">
              <value>
                <![CDATA[T-Shirts for Men]]>
              </value>
            </param>
          </params>
          <reporter-output>
          </reporter-output>
        </test-method> <!-- testLoginAndSearch -->
        <test-method signature="testLoginAndcheckAddressBook(java.lang.String,java.lang.String)[pri:0, instance:Tests.Magento@4562e04d]" started-at="2024-05-15T16:31:58 IST" name="testLoginAndcheckAddressBook" data-provider="LoginAndcheckAddressBook" finished-at="2024-05-15T16:32:14 IST" duration-ms="15764" status="PASS">
          <params>
            <param index="0">
              <value>
                <![CDATA[pavani.reddy@gmail.com]]>
              </value>
            </param>
            <param index="1">
              <value>
                <![CDATA[pavanireddy@12345]]>
              </value>
            </param>
          </params>
          <reporter-output>
          </reporter-output>
        </test-method> <!-- testLoginAndcheckAddressBook -->
        <test-method signature="testLoginAndcheckMyOders(java.lang.String,java.lang.String)[pri:0, instance:Tests.Magento@4562e04d]" started-at="2024-05-15T16:32:14 IST" name="testLoginAndcheckMyOders" data-provider="LoginAndcheckMyOders" finished-at="2024-05-15T16:32:15 IST" duration-ms="1743" status="PASS">
          <params>
            <param index="0">
              <value>
                <![CDATA[pavani.reddy@gmail.com]]>
              </value>
            </param>
            <param index="1">
              <value>
                <![CDATA[pavanireddy@12345]]>
              </value>
            </param>
          </params>
          <reporter-output>
          </reporter-output>
        </test-method> <!-- testLoginAndcheckMyOders -->
        <test-method signature="testMyProductReviews(java.lang.String,java.lang.String)[pri:0, instance:Tests.Magento@4562e04d]" started-at="2024-05-15T16:32:15 IST" name="testMyProductReviews" data-provider="MyProductReviews" finished-at="2024-05-15T16:32:17 IST" duration-ms="1414" status="PASS">
          <params>
            <param index="0">
              <value>
                <![CDATA[pavani.reddy@gmail.com]]>
              </value>
            </param>
            <param index="1">
              <value>
                <![CDATA[pavanireddy@12345]]>
              </value>
            </param>
          </params>
          <reporter-output>
          </reporter-output>
        </test-method> <!-- testMyProductReviews -->
        <test-method signature="testSearchInvalidProduct(java.lang.String)[pri:0, instance:Tests.Magento@4562e04d]" started-at="2024-05-15T16:32:17 IST" name="testSearchInvalidProduct" data-provider="SearchInvalidProduct" finished-at="2024-05-15T16:32:26 IST" duration-ms="9199" status="PASS">
          <params>
            <param index="0">
              <value>
                <![CDATA[Mobiles]]>
              </value>
            </param>
          </params>
          <reporter-output>
          </reporter-output>
        </test-method> <!-- testSearchInvalidProduct -->
        <test-method signature="testSubscribe()[pri:0, instance:Tests.Magento@4562e04d]" started-at="2024-05-15T16:32:26 IST" name="testSubscribe" finished-at="2024-05-15T16:32:29 IST" duration-ms="2996" status="PASS">
          <reporter-output>
          </reporter-output>
        </test-method> <!-- testSubscribe -->
        <test-method signature="testWriteReview(java.lang.String,java.lang.String,java.lang.String)[pri:0, instance:Tests.Magento@4562e04d]" started-at="2024-05-15T16:32:29 IST" name="testWriteReview" data-provider="WriteReview" finished-at="2024-05-15T16:32:46 IST" duration-ms="17451" status="PASS">
          <params>
            <param index="0">
              <value>
                <![CDATA[Pavani]]>
              </value>
            </param>
            <param index="1">
              <value>
                <![CDATA[Loved the color]]>
              </value>
            </param>
            <param index="2">
              <value>
                <![CDATA[Nice Product]]>
              </value>
            </param>
          </params>
          <reporter-output>
          </reporter-output>
        </test-method> <!-- testWriteReview -->
        <test-method signature="testloginAndProceedtoCheckout(java.lang.String,java.lang.String,java.lang.String,java.lang.String,java.lang.String,java.lang.String)[pri:0, instance:Tests.Magento@4562e04d]" started-at="2024-05-15T16:32:46 IST" name="testloginAndProceedtoCheckout" data-provider="loginAndProceedtoCheckout" finished-at="2024-05-15T16:33:19 IST" duration-ms="32309" status="PASS">
          <params>
            <param index="0">
              <value>
                <![CDATA[pavani.reddy@gmail.com]]>
              </value>
            </param>
            <param index="1">
              <value>
                <![CDATA[pavanireddy@12345]]>
              </value>
            </param>
            <param index="2">
              <value>
                <![CDATA[Census]]>
              </value>
            </param>
            <param index="3">
              <value>
                <![CDATA[Nome]]>
              </value>
            </param>
            <param index="4">
              <value>
                <![CDATA[12345]]>
              </value>
            </param>
            <param index="5">
              <value>
                <![CDATA[7894561230]]>
              </value>
            </param>
          </params>
          <reporter-output>
          </reporter-output>
        </test-method> <!-- testloginAndProceedtoCheckout -->
        <test-method signature="testloginAndWishlist(java.lang.String,java.lang.String)[pri:0, instance:Tests.Magento@4562e04d]" started-at="2024-05-15T16:33:19 IST" name="testloginAndWishlist" data-provider="loginAndWishlist" finished-at="2024-05-15T16:33:32 IST" duration-ms="13246" status="PASS">
          <params>
            <param index="0">
              <value>
                <![CDATA[panasala.reddy@gmail.com]]>
              </value>
            </param>
            <param index="1">
              <value>
                <![CDATA[panasalareddy@12345]]>
              </value>
            </param>
          </params>
          <reporter-output>
          </reporter-output>
        </test-method> <!-- testloginAndWishlist -->
        <test-method signature="training()[pri:0, instance:Tests.Magento@4562e04d]" started-at="2024-05-15T16:33:32 IST" name="training" finished-at="2024-05-15T16:33:39 IST" duration-ms="7187" status="PASS">
          <reporter-output>
          </reporter-output>
        </test-method> <!-- training -->
        <test-method signature="verifySearchResults(java.lang.String)[pri:0, instance:Tests.Magento@4562e04d]" started-at="2024-05-15T16:33:39 IST" name="verifySearchResults" data-provider="searchTerms" finished-at="2024-05-15T16:33:40 IST" duration-ms="1194" status="PASS">
          <params>
            <param index="0">
              <value>
                <![CDATA[T-Shirts for Women]]>
              </value>
            </param>
          </params>
          <reporter-output>
          </reporter-output>
        </test-method> <!-- verifySearchResults -->
        <test-method signature="testHomePage()[pri:1, instance:Tests.Magento@4562e04d]" started-at="2024-05-15T16:33:40 IST" name="testHomePage" finished-at="2024-05-15T16:33:42 IST" duration-ms="1137" status="PASS">
          <reporter-output>
          </reporter-output>
        </test-method> <!-- testHomePage -->
      </class> <!-- Tests.Magento -->
    </test> <!-- Default test -->
  </suite> <!-- Default suite -->
</testng-results>
